2020-09-06 00:01:01,701 INFO     Allow GPU memory grow successful.
2020-09-06 00:01:01,702 INFO     Parsing arguments successful.
2020-09-06 00:01:11,873 INFO     All models initialized successfully.
2020-09-06 00:01:11,894 INFO     Read descriptors successful.
2020-09-06 00:01:11,937 INFO     Make base successful.
2020-09-06 00:01:11,940 INFO     FR APP IS RUNNING.
2020-09-06 00:01:11,940 INFO     ------------------------------------------------------------
2020-09-06 00:01:11,944 WARNING   * Debugger is active!
2020-09-06 00:01:11,980 INFO      * Debugger PIN: 116-048-689
2020-09-06 00:02:10,295 INFO     Identification time: 0.06867361068725586
2020-09-06 00:02:10,297 INFO     127.0.0.1 - - [06/Sep/2020 00:02:10] "[37mPOST /identification HTTP/1.1[0m" 200 -
2020-09-06 00:02:22,728 DEBUG    tag: DateTime (306) - type: string (2) Tag Location: 22 - Data Location: 134 - value: b'2016:05:14 14:46:22\x00'
2020-09-06 00:02:22,728 DEBUG    tag: GPSInfoIFD (34853) - type: long (4) - value: b'\x00\x00\r\xb3'
2020-09-06 00:02:22,728 DEBUG    tag: Model (272) - type: string (2) Tag Location: 46 - Data Location: 154 - value: b'LG-H815\x00'
2020-09-06 00:02:22,728 DEBUG    tag: YCbCrPositioning (531) - type: short (3) - value: b'\x00\x01'
2020-09-06 00:02:22,728 DEBUG    tag: ResolutionUnit (296) - type: short (3) - value: b'\x00\x02'
2020-09-06 00:02:22,728 DEBUG    tag: YResolution (283) - type: rational (5) Tag Location: 82 - Data Location: 162 - value: b'\x00\x00\x00H\x00\x00\x00\x01'
2020-09-06 00:02:22,728 DEBUG    tag: Orientation (274) - type: short (3) - value: b'\x00\x01'
2020-09-06 00:02:22,728 DEBUG    tag: ExifIFD (34665) - type: long (4) - value: b'\x00\x00\x00\xc1'
2020-09-06 00:02:22,728 DEBUG    tag: XResolution (282) - type: rational (5) Tag Location: 118 - Data Location: 170 - value: b'\x00\x00\x00H\x00\x00\x00\x01'
2020-09-06 00:02:22,728 DEBUG    tag: Make (271) - type: string (2) Tag Location: 130 - Data Location: 178 - value: b'LG Electronics\x00'
2020-09-06 00:02:22,728 DEBUG    tag: ColorSpace (40961) - type: short (3) - value: b'\x00\x01'
2020-09-06 00:02:22,728 DEBUG    tag: DateTImeDigitized (36868) - type: string (2) Tag Location: 219 - Data Location: 571 - value: b'2016:05:14 14:46:22\x00'
2020-09-06 00:02:22,728 DEBUG    tag: FNumber (33437) - type: rational (5) Tag Location: 231 - Data Location: 591 - value: b'\x00\x00\x00\xb4\x00\x00\x00d'
2020-09-06 00:02:22,728 DEBUG    tag: FocalLength (37386) - type: rational (5) Tag Location: 243 - Data Location: 599 - value: b'\x00\x00\x01\xba\x00\x00\x00d'
2020-09-06 00:02:22,728 DEBUG    tag: ApertureValue (37378) - type: rational (5) Tag Location: 255 - Data Location: 607 - value: b'\x00\x00\x00\xa9\x00\x00\x00d'
2020-09-06 00:02:22,728 DEBUG    tag: ExposureMode (41986) - type: short (3) - value: b'\x00\x00'
2020-09-06 00:02:22,729 DEBUG    tag: SubsecTimeDigitized (37522) - type: string (2) Tag Location: 279 - Data Location: 615 - value: b'382239\x00'
2020-09-06 00:02:22,729 DEBUG    tag: PixelYDimension (40963) - type: long (4) - value: b'\x00\x00\x0b\xac'
2020-09-06 00:02:22,729 DEBUG    tag: SceneCaptureType (41990) - type: short (3) - value: b'\x00\x00'
2020-09-06 00:02:22,729 DEBUG    tag: SceneType (41729) - type: undefined (7) - value: b'\x01'
2020-09-06 00:02:22,729 DEBUG    tag: SubSecTimeOriginal (37521) - type: string (2) Tag Location: 327 - Data Location: 622 - value: b'382239\x00'
2020-09-06 00:02:22,729 DEBUG    tag: DigitalZoomRatio (41988) - type: rational (5) Tag Location: 339 - Data Location: 629 - value: b'\x00\x00\x00d\x00\x00\x00d'
2020-09-06 00:02:22,729 DEBUG    tag: ExposureProgram (34850) - type: short (3) - value: b'\x00\x00'
2020-09-06 00:02:22,729 DEBUG    tag: WhiteBalance (41987) - type: short (3) - value: b'\x00\x00'
2020-09-06 00:02:22,729 DEBUG    tag: PixelXDimension (40962) - type: long (4) - value: b'\x00\x00\x14\xc0'
2020-09-06 00:02:22,729 DEBUG    tag: SubSec (37520) - type: string (2) Tag Location: 387 - Data Location: 637 - value: b'382239\x00'
2020-09-06 00:02:22,729 DEBUG    tag: ShutterSpeedValue (37377) - type: signed rational (10) Tag Location: 399 - Data Location: 644 - value: b'\x00\x00)\x1a\x00\x00\x03\xe8'
2020-09-06 00:02:22,729 DEBUG    tag: MeteringMode (37383) - type: short (3) - value: b'\x00\x02'
2020-09-06 00:02:22,729 DEBUG    tag: DateTimeOriginal (36867) - type: string (2) Tag Location: 423 - Data Location: 652 - value: b'2016:05:14 14:46:22\x00'
2020-09-06 00:02:22,729 DEBUG    tag: UserComment (37510) - type: undefined (7) Tag Location: 435 - Data Location: 672 - value: <table: 512 bytes>
2020-09-06 00:02:22,729 DEBUG    tag: ComponentsConfiguration (37121) - type: undefined (7) - value: b'\x01\x02\x03\x00'
2020-09-06 00:02:22,729 DEBUG    tag: Flash (37385) - type: short (3) - value: b'\x00\x10'
2020-09-06 00:02:22,729 DEBUG    tag: ExifVersion (36864) - type: undefined (7) - value: b'0220'
2020-09-06 00:02:22,729 DEBUG    tag: InteroperabilityIFD (40965) - type: long (4) - value: b'\x00\x00\r\x95'
2020-09-06 00:02:22,729 DEBUG    tag: ExposureBiasValue (37380) - type: signed rational (10) Tag Location: 495 - Data Location: 1184 - value: b'\x00\x00\x00\x00\x00\x00\x00\x06'
2020-09-06 00:02:22,729 DEBUG    tag: BrightnessValue (37379) - type: signed rational (10) Tag Location: 507 - Data Location: 1192 - value: b'\x00\x00\x02\xc7\x00\x00\x00d'
2020-09-06 00:02:22,729 DEBUG    tag: ISOSpeedRatings (34855) - type: short (3) - value: b'\x002'
2020-09-06 00:02:22,729 DEBUG    tag: SensingMethod (41495) - type: short (3) - value: b'\x00\x01'
2020-09-06 00:02:22,729 DEBUG    tag: FlashPixVersion (40960) - type: undefined (7) - value: b'0100'
2020-09-06 00:02:22,729 DEBUG    tag: MakerNote (37500) - type: undefined (7) Tag Location: 555 - Data Location: 1200 - value: <table: 2269 bytes>
2020-09-06 00:02:22,729 DEBUG    tag: ExposureTime (33434) - type: rational (5) Tag Location: 567 - Data Location: 3469 - value: b'\x00\x00\x00\x01\x00\x00\x05\xbf'
2020-09-06 00:02:23,037 INFO     127.0.0.1 - - [06/Sep/2020 00:02:23] "[37mPOST /encodeAndInsert HTTP/1.1[0m" 200 -
2020-09-06 00:02:40,179 DEBUG    tag: DateTime (306) - type: string (2) Tag Location: 22 - Data Location: 134 - value: b'2016:05:14 14:46:22\x00'
2020-09-06 00:02:40,179 DEBUG    tag: GPSInfoIFD (34853) - type: long (4) - value: b'\x00\x00\r\xb3'
2020-09-06 00:02:40,179 DEBUG    tag: Model (272) - type: string (2) Tag Location: 46 - Data Location: 154 - value: b'LG-H815\x00'
2020-09-06 00:02:40,179 DEBUG    tag: YCbCrPositioning (531) - type: short (3) - value: b'\x00\x01'
2020-09-06 00:02:40,179 DEBUG    tag: ResolutionUnit (296) - type: short (3) - value: b'\x00\x02'
2020-09-06 00:02:40,179 DEBUG    tag: YResolution (283) - type: rational (5) Tag Location: 82 - Data Location: 162 - value: b'\x00\x00\x00H\x00\x00\x00\x01'
2020-09-06 00:02:40,179 DEBUG    tag: Orientation (274) - type: short (3) - value: b'\x00\x01'
2020-09-06 00:02:40,179 DEBUG    tag: ExifIFD (34665) - type: long (4) - value: b'\x00\x00\x00\xc1'
2020-09-06 00:02:40,179 DEBUG    tag: XResolution (282) - type: rational (5) Tag Location: 118 - Data Location: 170 - value: b'\x00\x00\x00H\x00\x00\x00\x01'
2020-09-06 00:02:40,179 DEBUG    tag: Make (271) - type: string (2) Tag Location: 130 - Data Location: 178 - value: b'LG Electronics\x00'
2020-09-06 00:02:40,179 DEBUG    tag: ColorSpace (40961) - type: short (3) - value: b'\x00\x01'
2020-09-06 00:02:40,179 DEBUG    tag: DateTImeDigitized (36868) - type: string (2) Tag Location: 219 - Data Location: 571 - value: b'2016:05:14 14:46:22\x00'
2020-09-06 00:02:40,179 DEBUG    tag: FNumber (33437) - type: rational (5) Tag Location: 231 - Data Location: 591 - value: b'\x00\x00\x00\xb4\x00\x00\x00d'
2020-09-06 00:02:40,179 DEBUG    tag: FocalLength (37386) - type: rational (5) Tag Location: 243 - Data Location: 599 - value: b'\x00\x00\x01\xba\x00\x00\x00d'
2020-09-06 00:02:40,179 DEBUG    tag: ApertureValue (37378) - type: rational (5) Tag Location: 255 - Data Location: 607 - value: b'\x00\x00\x00\xa9\x00\x00\x00d'
2020-09-06 00:02:40,180 DEBUG    tag: ExposureMode (41986) - type: short (3) - value: b'\x00\x00'
2020-09-06 00:02:40,180 DEBUG    tag: SubsecTimeDigitized (37522) - type: string (2) Tag Location: 279 - Data Location: 615 - value: b'382239\x00'
2020-09-06 00:02:40,180 DEBUG    tag: PixelYDimension (40963) - type: long (4) - value: b'\x00\x00\x0b\xac'
2020-09-06 00:02:40,180 DEBUG    tag: SceneCaptureType (41990) - type: short (3) - value: b'\x00\x00'
2020-09-06 00:02:40,180 DEBUG    tag: SceneType (41729) - type: undefined (7) - value: b'\x01'
2020-09-06 00:02:40,180 DEBUG    tag: SubSecTimeOriginal (37521) - type: string (2) Tag Location: 327 - Data Location: 622 - value: b'382239\x00'
2020-09-06 00:02:40,180 DEBUG    tag: DigitalZoomRatio (41988) - type: rational (5) Tag Location: 339 - Data Location: 629 - value: b'\x00\x00\x00d\x00\x00\x00d'
2020-09-06 00:02:40,180 DEBUG    tag: ExposureProgram (34850) - type: short (3) - value: b'\x00\x00'
2020-09-06 00:02:40,180 DEBUG    tag: WhiteBalance (41987) - type: short (3) - value: b'\x00\x00'
2020-09-06 00:02:40,180 DEBUG    tag: PixelXDimension (40962) - type: long (4) - value: b'\x00\x00\x14\xc0'
2020-09-06 00:02:40,180 DEBUG    tag: SubSec (37520) - type: string (2) Tag Location: 387 - Data Location: 637 - value: b'382239\x00'
2020-09-06 00:02:40,180 DEBUG    tag: ShutterSpeedValue (37377) - type: signed rational (10) Tag Location: 399 - Data Location: 644 - value: b'\x00\x00)\x1a\x00\x00\x03\xe8'
2020-09-06 00:02:40,180 DEBUG    tag: MeteringMode (37383) - type: short (3) - value: b'\x00\x02'
2020-09-06 00:02:40,180 DEBUG    tag: DateTimeOriginal (36867) - type: string (2) Tag Location: 423 - Data Location: 652 - value: b'2016:05:14 14:46:22\x00'
2020-09-06 00:02:40,180 DEBUG    tag: UserComment (37510) - type: undefined (7) Tag Location: 435 - Data Location: 672 - value: <table: 512 bytes>
2020-09-06 00:02:40,180 DEBUG    tag: ComponentsConfiguration (37121) - type: undefined (7) - value: b'\x01\x02\x03\x00'
2020-09-06 00:02:40,180 DEBUG    tag: Flash (37385) - type: short (3) - value: b'\x00\x10'
2020-09-06 00:02:40,180 DEBUG    tag: ExifVersion (36864) - type: undefined (7) - value: b'0220'
2020-09-06 00:02:40,180 DEBUG    tag: InteroperabilityIFD (40965) - type: long (4) - value: b'\x00\x00\r\x95'
2020-09-06 00:02:40,180 DEBUG    tag: ExposureBiasValue (37380) - type: signed rational (10) Tag Location: 495 - Data Location: 1184 - value: b'\x00\x00\x00\x00\x00\x00\x00\x06'
2020-09-06 00:02:40,180 DEBUG    tag: BrightnessValue (37379) - type: signed rational (10) Tag Location: 507 - Data Location: 1192 - value: b'\x00\x00\x02\xc7\x00\x00\x00d'
2020-09-06 00:02:40,180 DEBUG    tag: ISOSpeedRatings (34855) - type: short (3) - value: b'\x002'
2020-09-06 00:02:40,180 DEBUG    tag: SensingMethod (41495) - type: short (3) - value: b'\x00\x01'
2020-09-06 00:02:40,180 DEBUG    tag: FlashPixVersion (40960) - type: undefined (7) - value: b'0100'
2020-09-06 00:02:40,180 DEBUG    tag: MakerNote (37500) - type: undefined (7) Tag Location: 555 - Data Location: 1200 - value: <table: 2269 bytes>
2020-09-06 00:02:40,180 DEBUG    tag: ExposureTime (33434) - type: rational (5) Tag Location: 567 - Data Location: 3469 - value: b'\x00\x00\x00\x01\x00\x00\x05\xbf'
2020-09-06 00:02:40,505 INFO     127.0.0.1 - - [06/Sep/2020 00:02:40] "[37mPOST /encodeAndInsert HTTP/1.1[0m" 200 -
2020-09-06 00:04:42,016 DEBUG    tag: DateTime (306) - type: string (2) Tag Location: 22 - Data Location: 134 - value: b'2016:05:14 14:46:22\x00'
2020-09-06 00:04:42,017 DEBUG    tag: GPSInfoIFD (34853) - type: long (4) - value: b'\x00\x00\r\xb3'
2020-09-06 00:04:42,017 DEBUG    tag: Model (272) - type: string (2) Tag Location: 46 - Data Location: 154 - value: b'LG-H815\x00'
2020-09-06 00:04:42,017 DEBUG    tag: YCbCrPositioning (531) - type: short (3) - value: b'\x00\x01'
2020-09-06 00:04:42,017 DEBUG    tag: ResolutionUnit (296) - type: short (3) - value: b'\x00\x02'
2020-09-06 00:04:42,017 DEBUG    tag: YResolution (283) - type: rational (5) Tag Location: 82 - Data Location: 162 - value: b'\x00\x00\x00H\x00\x00\x00\x01'
2020-09-06 00:04:42,017 DEBUG    tag: Orientation (274) - type: short (3) - value: b'\x00\x01'
2020-09-06 00:04:42,017 DEBUG    tag: ExifIFD (34665) - type: long (4) - value: b'\x00\x00\x00\xc1'
2020-09-06 00:04:42,017 DEBUG    tag: XResolution (282) - type: rational (5) Tag Location: 118 - Data Location: 170 - value: b'\x00\x00\x00H\x00\x00\x00\x01'
2020-09-06 00:04:42,017 DEBUG    tag: Make (271) - type: string (2) Tag Location: 130 - Data Location: 178 - value: b'LG Electronics\x00'
2020-09-06 00:04:42,017 DEBUG    tag: ColorSpace (40961) - type: short (3) - value: b'\x00\x01'
2020-09-06 00:04:42,017 DEBUG    tag: DateTImeDigitized (36868) - type: string (2) Tag Location: 219 - Data Location: 571 - value: b'2016:05:14 14:46:22\x00'
2020-09-06 00:04:42,017 DEBUG    tag: FNumber (33437) - type: rational (5) Tag Location: 231 - Data Location: 591 - value: b'\x00\x00\x00\xb4\x00\x00\x00d'
2020-09-06 00:04:42,017 DEBUG    tag: FocalLength (37386) - type: rational (5) Tag Location: 243 - Data Location: 599 - value: b'\x00\x00\x01\xba\x00\x00\x00d'
2020-09-06 00:04:42,017 DEBUG    tag: ApertureValue (37378) - type: rational (5) Tag Location: 255 - Data Location: 607 - value: b'\x00\x00\x00\xa9\x00\x00\x00d'
2020-09-06 00:04:42,017 DEBUG    tag: ExposureMode (41986) - type: short (3) - value: b'\x00\x00'
2020-09-06 00:04:42,017 DEBUG    tag: SubsecTimeDigitized (37522) - type: string (2) Tag Location: 279 - Data Location: 615 - value: b'382239\x00'
2020-09-06 00:04:42,017 DEBUG    tag: PixelYDimension (40963) - type: long (4) - value: b'\x00\x00\x0b\xac'
2020-09-06 00:04:42,017 DEBUG    tag: SceneCaptureType (41990) - type: short (3) - value: b'\x00\x00'
2020-09-06 00:04:42,017 DEBUG    tag: SceneType (41729) - type: undefined (7) - value: b'\x01'
2020-09-06 00:04:42,017 DEBUG    tag: SubSecTimeOriginal (37521) - type: string (2) Tag Location: 327 - Data Location: 622 - value: b'382239\x00'
2020-09-06 00:04:42,017 DEBUG    tag: DigitalZoomRatio (41988) - type: rational (5) Tag Location: 339 - Data Location: 629 - value: b'\x00\x00\x00d\x00\x00\x00d'
2020-09-06 00:04:42,017 DEBUG    tag: ExposureProgram (34850) - type: short (3) - value: b'\x00\x00'
2020-09-06 00:04:42,017 DEBUG    tag: WhiteBalance (41987) - type: short (3) - value: b'\x00\x00'
2020-09-06 00:04:42,018 DEBUG    tag: PixelXDimension (40962) - type: long (4) - value: b'\x00\x00\x14\xc0'
2020-09-06 00:04:42,018 DEBUG    tag: SubSec (37520) - type: string (2) Tag Location: 387 - Data Location: 637 - value: b'382239\x00'
2020-09-06 00:04:42,018 DEBUG    tag: ShutterSpeedValue (37377) - type: signed rational (10) Tag Location: 399 - Data Location: 644 - value: b'\x00\x00)\x1a\x00\x00\x03\xe8'
2020-09-06 00:04:42,018 DEBUG    tag: MeteringMode (37383) - type: short (3) - value: b'\x00\x02'
2020-09-06 00:04:42,018 DEBUG    tag: DateTimeOriginal (36867) - type: string (2) Tag Location: 423 - Data Location: 652 - value: b'2016:05:14 14:46:22\x00'
2020-09-06 00:04:42,018 DEBUG    tag: UserComment (37510) - type: undefined (7) Tag Location: 435 - Data Location: 672 - value: <table: 512 bytes>
2020-09-06 00:04:42,018 DEBUG    tag: ComponentsConfiguration (37121) - type: undefined (7) - value: b'\x01\x02\x03\x00'
2020-09-06 00:04:42,018 DEBUG    tag: Flash (37385) - type: short (3) - value: b'\x00\x10'
2020-09-06 00:04:42,018 DEBUG    tag: ExifVersion (36864) - type: undefined (7) - value: b'0220'
2020-09-06 00:04:42,018 DEBUG    tag: InteroperabilityIFD (40965) - type: long (4) - value: b'\x00\x00\r\x95'
2020-09-06 00:04:42,018 DEBUG    tag: ExposureBiasValue (37380) - type: signed rational (10) Tag Location: 495 - Data Location: 1184 - value: b'\x00\x00\x00\x00\x00\x00\x00\x06'
2020-09-06 00:04:42,018 DEBUG    tag: BrightnessValue (37379) - type: signed rational (10) Tag Location: 507 - Data Location: 1192 - value: b'\x00\x00\x02\xc7\x00\x00\x00d'
2020-09-06 00:04:42,018 DEBUG    tag: ISOSpeedRatings (34855) - type: short (3) - value: b'\x002'
2020-09-06 00:04:42,018 DEBUG    tag: SensingMethod (41495) - type: short (3) - value: b'\x00\x01'
2020-09-06 00:04:42,018 DEBUG    tag: FlashPixVersion (40960) - type: undefined (7) - value: b'0100'
2020-09-06 00:04:42,018 DEBUG    tag: MakerNote (37500) - type: undefined (7) Tag Location: 555 - Data Location: 1200 - value: <table: 2269 bytes>
2020-09-06 00:04:42,018 DEBUG    tag: ExposureTime (33434) - type: rational (5) Tag Location: 567 - Data Location: 3469 - value: b'\x00\x00\x00\x01\x00\x00\x05\xbf'
2020-09-06 00:04:42,379 INFO     127.0.0.1 - - [06/Sep/2020 00:04:42] "[37mPOST /encodeAndInsert HTTP/1.1[0m" 200 -
2020-09-06 00:08:02,960 DEBUG    tag: DateTime (306) - type: string (2) Tag Location: 22 - Data Location: 134 - value: b'2016:05:14 14:46:22\x00'
2020-09-06 00:08:02,960 DEBUG    tag: GPSInfoIFD (34853) - type: long (4) - value: b'\x00\x00\r\xb3'
2020-09-06 00:08:02,960 DEBUG    tag: Model (272) - type: string (2) Tag Location: 46 - Data Location: 154 - value: b'LG-H815\x00'
2020-09-06 00:08:02,960 DEBUG    tag: YCbCrPositioning (531) - type: short (3) - value: b'\x00\x01'
2020-09-06 00:08:02,960 DEBUG    tag: ResolutionUnit (296) - type: short (3) - value: b'\x00\x02'
2020-09-06 00:08:02,960 DEBUG    tag: YResolution (283) - type: rational (5) Tag Location: 82 - Data Location: 162 - value: b'\x00\x00\x00H\x00\x00\x00\x01'
2020-09-06 00:08:02,960 DEBUG    tag: Orientation (274) - type: short (3) - value: b'\x00\x01'
2020-09-06 00:08:02,960 DEBUG    tag: ExifIFD (34665) - type: long (4) - value: b'\x00\x00\x00\xc1'
2020-09-06 00:08:02,960 DEBUG    tag: XResolution (282) - type: rational (5) Tag Location: 118 - Data Location: 170 - value: b'\x00\x00\x00H\x00\x00\x00\x01'
2020-09-06 00:08:02,960 DEBUG    tag: Make (271) - type: string (2) Tag Location: 130 - Data Location: 178 - value: b'LG Electronics\x00'
2020-09-06 00:08:02,960 DEBUG    tag: ColorSpace (40961) - type: short (3) - value: b'\x00\x01'
2020-09-06 00:08:02,960 DEBUG    tag: DateTImeDigitized (36868) - type: string (2) Tag Location: 219 - Data Location: 571 - value: b'2016:05:14 14:46:22\x00'
2020-09-06 00:08:02,960 DEBUG    tag: FNumber (33437) - type: rational (5) Tag Location: 231 - Data Location: 591 - value: b'\x00\x00\x00\xb4\x00\x00\x00d'
2020-09-06 00:08:02,960 DEBUG    tag: FocalLength (37386) - type: rational (5) Tag Location: 243 - Data Location: 599 - value: b'\x00\x00\x01\xba\x00\x00\x00d'
2020-09-06 00:08:02,961 DEBUG    tag: ApertureValue (37378) - type: rational (5) Tag Location: 255 - Data Location: 607 - value: b'\x00\x00\x00\xa9\x00\x00\x00d'
2020-09-06 00:08:02,961 DEBUG    tag: ExposureMode (41986) - type: short (3) - value: b'\x00\x00'
2020-09-06 00:08:02,961 DEBUG    tag: SubsecTimeDigitized (37522) - type: string (2) Tag Location: 279 - Data Location: 615 - value: b'382239\x00'
2020-09-06 00:08:02,961 DEBUG    tag: PixelYDimension (40963) - type: long (4) - value: b'\x00\x00\x0b\xac'
2020-09-06 00:08:02,961 DEBUG    tag: SceneCaptureType (41990) - type: short (3) - value: b'\x00\x00'
2020-09-06 00:08:02,961 DEBUG    tag: SceneType (41729) - type: undefined (7) - value: b'\x01'
2020-09-06 00:08:02,961 DEBUG    tag: SubSecTimeOriginal (37521) - type: string (2) Tag Location: 327 - Data Location: 622 - value: b'382239\x00'
2020-09-06 00:08:02,961 DEBUG    tag: DigitalZoomRatio (41988) - type: rational (5) Tag Location: 339 - Data Location: 629 - value: b'\x00\x00\x00d\x00\x00\x00d'
2020-09-06 00:08:02,961 DEBUG    tag: ExposureProgram (34850) - type: short (3) - value: b'\x00\x00'
2020-09-06 00:08:02,961 DEBUG    tag: WhiteBalance (41987) - type: short (3) - value: b'\x00\x00'
2020-09-06 00:08:02,961 DEBUG    tag: PixelXDimension (40962) - type: long (4) - value: b'\x00\x00\x14\xc0'
2020-09-06 00:08:02,961 DEBUG    tag: SubSec (37520) - type: string (2) Tag Location: 387 - Data Location: 637 - value: b'382239\x00'
2020-09-06 00:08:02,961 DEBUG    tag: ShutterSpeedValue (37377) - type: signed rational (10) Tag Location: 399 - Data Location: 644 - value: b'\x00\x00)\x1a\x00\x00\x03\xe8'
2020-09-06 00:08:02,961 DEBUG    tag: MeteringMode (37383) - type: short (3) - value: b'\x00\x02'
2020-09-06 00:08:02,961 DEBUG    tag: DateTimeOriginal (36867) - type: string (2) Tag Location: 423 - Data Location: 652 - value: b'2016:05:14 14:46:22\x00'
2020-09-06 00:08:02,961 DEBUG    tag: UserComment (37510) - type: undefined (7) Tag Location: 435 - Data Location: 672 - value: <table: 512 bytes>
2020-09-06 00:08:02,961 DEBUG    tag: ComponentsConfiguration (37121) - type: undefined (7) - value: b'\x01\x02\x03\x00'
2020-09-06 00:08:02,962 DEBUG    tag: Flash (37385) - type: short (3) - value: b'\x00\x10'
2020-09-06 00:08:02,962 DEBUG    tag: ExifVersion (36864) - type: undefined (7) - value: b'0220'
2020-09-06 00:08:02,962 DEBUG    tag: InteroperabilityIFD (40965) - type: long (4) - value: b'\x00\x00\r\x95'
2020-09-06 00:08:02,962 DEBUG    tag: ExposureBiasValue (37380) - type: signed rational (10) Tag Location: 495 - Data Location: 1184 - value: b'\x00\x00\x00\x00\x00\x00\x00\x06'
2020-09-06 00:08:02,962 DEBUG    tag: BrightnessValue (37379) - type: signed rational (10) Tag Location: 507 - Data Location: 1192 - value: b'\x00\x00\x02\xc7\x00\x00\x00d'
2020-09-06 00:08:02,962 DEBUG    tag: ISOSpeedRatings (34855) - type: short (3) - value: b'\x002'
2020-09-06 00:08:02,962 DEBUG    tag: SensingMethod (41495) - type: short (3) - value: b'\x00\x01'
2020-09-06 00:08:02,962 DEBUG    tag: FlashPixVersion (40960) - type: undefined (7) - value: b'0100'
2020-09-06 00:08:02,962 DEBUG    tag: MakerNote (37500) - type: undefined (7) Tag Location: 555 - Data Location: 1200 - value: <table: 2269 bytes>
2020-09-06 00:08:02,962 DEBUG    tag: ExposureTime (33434) - type: rational (5) Tag Location: 567 - Data Location: 3469 - value: b'\x00\x00\x00\x01\x00\x00\x05\xbf'
2020-09-06 00:08:03,242 INFO     127.0.0.1 - - [06/Sep/2020 00:08:03] "[37mPOST /encodeAndInsert HTTP/1.1[0m" 200 -
2020-09-06 00:08:16,449 DEBUG    tag: DateTime (306) - type: string (2) Tag Location: 22 - Data Location: 134 - value: b'2016:05:14 14:46:22\x00'
2020-09-06 00:08:16,449 DEBUG    tag: GPSInfoIFD (34853) - type: long (4) - value: b'\x00\x00\r\xb3'
2020-09-06 00:08:16,449 DEBUG    tag: Model (272) - type: string (2) Tag Location: 46 - Data Location: 154 - value: b'LG-H815\x00'
2020-09-06 00:08:16,449 DEBUG    tag: YCbCrPositioning (531) - type: short (3) - value: b'\x00\x01'
2020-09-06 00:08:16,449 DEBUG    tag: ResolutionUnit (296) - type: short (3) - value: b'\x00\x02'
2020-09-06 00:08:16,449 DEBUG    tag: YResolution (283) - type: rational (5) Tag Location: 82 - Data Location: 162 - value: b'\x00\x00\x00H\x00\x00\x00\x01'
2020-09-06 00:08:16,449 DEBUG    tag: Orientation (274) - type: short (3) - value: b'\x00\x01'
2020-09-06 00:08:16,449 DEBUG    tag: ExifIFD (34665) - type: long (4) - value: b'\x00\x00\x00\xc1'
2020-09-06 00:08:16,449 DEBUG    tag: XResolution (282) - type: rational (5) Tag Location: 118 - Data Location: 170 - value: b'\x00\x00\x00H\x00\x00\x00\x01'
2020-09-06 00:08:16,449 DEBUG    tag: Make (271) - type: string (2) Tag Location: 130 - Data Location: 178 - value: b'LG Electronics\x00'
2020-09-06 00:08:16,449 DEBUG    tag: ColorSpace (40961) - type: short (3) - value: b'\x00\x01'
2020-09-06 00:08:16,449 DEBUG    tag: DateTImeDigitized (36868) - type: string (2) Tag Location: 219 - Data Location: 571 - value: b'2016:05:14 14:46:22\x00'
2020-09-06 00:08:16,449 DEBUG    tag: FNumber (33437) - type: rational (5) Tag Location: 231 - Data Location: 591 - value: b'\x00\x00\x00\xb4\x00\x00\x00d'
2020-09-06 00:08:16,449 DEBUG    tag: FocalLength (37386) - type: rational (5) Tag Location: 243 - Data Location: 599 - value: b'\x00\x00\x01\xba\x00\x00\x00d'
2020-09-06 00:08:16,449 DEBUG    tag: ApertureValue (37378) - type: rational (5) Tag Location: 255 - Data Location: 607 - value: b'\x00\x00\x00\xa9\x00\x00\x00d'
2020-09-06 00:08:16,449 DEBUG    tag: ExposureMode (41986) - type: short (3) - value: b'\x00\x00'
2020-09-06 00:08:16,449 DEBUG    tag: SubsecTimeDigitized (37522) - type: string (2) Tag Location: 279 - Data Location: 615 - value: b'382239\x00'
2020-09-06 00:08:16,450 DEBUG    tag: PixelYDimension (40963) - type: long (4) - value: b'\x00\x00\x0b\xac'
2020-09-06 00:08:16,450 DEBUG    tag: SceneCaptureType (41990) - type: short (3) - value: b'\x00\x00'
2020-09-06 00:08:16,450 DEBUG    tag: SceneType (41729) - type: undefined (7) - value: b'\x01'
2020-09-06 00:08:16,450 DEBUG    tag: SubSecTimeOriginal (37521) - type: string (2) Tag Location: 327 - Data Location: 622 - value: b'382239\x00'
2020-09-06 00:08:16,450 DEBUG    tag: DigitalZoomRatio (41988) - type: rational (5) Tag Location: 339 - Data Location: 629 - value: b'\x00\x00\x00d\x00\x00\x00d'
2020-09-06 00:08:16,450 DEBUG    tag: ExposureProgram (34850) - type: short (3) - value: b'\x00\x00'
2020-09-06 00:08:16,450 DEBUG    tag: WhiteBalance (41987) - type: short (3) - value: b'\x00\x00'
2020-09-06 00:08:16,450 DEBUG    tag: PixelXDimension (40962) - type: long (4) - value: b'\x00\x00\x14\xc0'
2020-09-06 00:08:16,450 DEBUG    tag: SubSec (37520) - type: string (2) Tag Location: 387 - Data Location: 637 - value: b'382239\x00'
2020-09-06 00:08:16,450 DEBUG    tag: ShutterSpeedValue (37377) - type: signed rational (10) Tag Location: 399 - Data Location: 644 - value: b'\x00\x00)\x1a\x00\x00\x03\xe8'
2020-09-06 00:08:16,450 DEBUG    tag: MeteringMode (37383) - type: short (3) - value: b'\x00\x02'
2020-09-06 00:08:16,450 DEBUG    tag: DateTimeOriginal (36867) - type: string (2) Tag Location: 423 - Data Location: 652 - value: b'2016:05:14 14:46:22\x00'
2020-09-06 00:08:16,450 DEBUG    tag: UserComment (37510) - type: undefined (7) Tag Location: 435 - Data Location: 672 - value: <table: 512 bytes>
2020-09-06 00:08:16,450 DEBUG    tag: ComponentsConfiguration (37121) - type: undefined (7) - value: b'\x01\x02\x03\x00'
2020-09-06 00:08:16,450 DEBUG    tag: Flash (37385) - type: short (3) - value: b'\x00\x10'
2020-09-06 00:08:16,450 DEBUG    tag: ExifVersion (36864) - type: undefined (7) - value: b'0220'
2020-09-06 00:08:16,450 DEBUG    tag: InteroperabilityIFD (40965) - type: long (4) - value: b'\x00\x00\r\x95'
2020-09-06 00:08:16,450 DEBUG    tag: ExposureBiasValue (37380) - type: signed rational (10) Tag Location: 495 - Data Location: 1184 - value: b'\x00\x00\x00\x00\x00\x00\x00\x06'
2020-09-06 00:08:16,450 DEBUG    tag: BrightnessValue (37379) - type: signed rational (10) Tag Location: 507 - Data Location: 1192 - value: b'\x00\x00\x02\xc7\x00\x00\x00d'
2020-09-06 00:08:16,450 DEBUG    tag: ISOSpeedRatings (34855) - type: short (3) - value: b'\x002'
2020-09-06 00:08:16,450 DEBUG    tag: SensingMethod (41495) - type: short (3) - value: b'\x00\x01'
2020-09-06 00:08:16,450 DEBUG    tag: FlashPixVersion (40960) - type: undefined (7) - value: b'0100'
2020-09-06 00:08:16,450 DEBUG    tag: MakerNote (37500) - type: undefined (7) Tag Location: 555 - Data Location: 1200 - value: <table: 2269 bytes>
2020-09-06 00:08:16,450 DEBUG    tag: ExposureTime (33434) - type: rational (5) Tag Location: 567 - Data Location: 3469 - value: b'\x00\x00\x00\x01\x00\x00\x05\xbf'
2020-09-06 00:08:16,716 INFO     127.0.0.1 - - [06/Sep/2020 00:08:16] "[37mPOST /encodeAndInsert HTTP/1.1[0m" 200 -
2020-09-06 00:08:29,954 DEBUG    tag: DateTime (306) - type: string (2) Tag Location: 22 - Data Location: 134 - value: b'2016:05:14 14:46:22\x00'
2020-09-06 00:08:29,954 DEBUG    tag: GPSInfoIFD (34853) - type: long (4) - value: b'\x00\x00\r\xb3'
2020-09-06 00:08:29,954 DEBUG    tag: Model (272) - type: string (2) Tag Location: 46 - Data Location: 154 - value: b'LG-H815\x00'
2020-09-06 00:08:29,954 DEBUG    tag: YCbCrPositioning (531) - type: short (3) - value: b'\x00\x01'
2020-09-06 00:08:29,954 DEBUG    tag: ResolutionUnit (296) - type: short (3) - value: b'\x00\x02'
2020-09-06 00:08:29,954 DEBUG    tag: YResolution (283) - type: rational (5) Tag Location: 82 - Data Location: 162 - value: b'\x00\x00\x00H\x00\x00\x00\x01'
2020-09-06 00:08:29,954 DEBUG    tag: Orientation (274) - type: short (3) - value: b'\x00\x01'
2020-09-06 00:08:29,954 DEBUG    tag: ExifIFD (34665) - type: long (4) - value: b'\x00\x00\x00\xc1'
2020-09-06 00:08:29,954 DEBUG    tag: XResolution (282) - type: rational (5) Tag Location: 118 - Data Location: 170 - value: b'\x00\x00\x00H\x00\x00\x00\x01'
2020-09-06 00:08:29,954 DEBUG    tag: Make (271) - type: string (2) Tag Location: 130 - Data Location: 178 - value: b'LG Electronics\x00'
2020-09-06 00:08:29,954 DEBUG    tag: ColorSpace (40961) - type: short (3) - value: b'\x00\x01'
2020-09-06 00:08:29,955 DEBUG    tag: DateTImeDigitized (36868) - type: string (2) Tag Location: 219 - Data Location: 571 - value: b'2016:05:14 14:46:22\x00'
2020-09-06 00:08:29,955 DEBUG    tag: FNumber (33437) - type: rational (5) Tag Location: 231 - Data Location: 591 - value: b'\x00\x00\x00\xb4\x00\x00\x00d'
2020-09-06 00:08:29,955 DEBUG    tag: FocalLength (37386) - type: rational (5) Tag Location: 243 - Data Location: 599 - value: b'\x00\x00\x01\xba\x00\x00\x00d'
2020-09-06 00:08:29,955 DEBUG    tag: ApertureValue (37378) - type: rational (5) Tag Location: 255 - Data Location: 607 - value: b'\x00\x00\x00\xa9\x00\x00\x00d'
2020-09-06 00:08:29,955 DEBUG    tag: ExposureMode (41986) - type: short (3) - value: b'\x00\x00'
2020-09-06 00:08:29,955 DEBUG    tag: SubsecTimeDigitized (37522) - type: string (2) Tag Location: 279 - Data Location: 615 - value: b'382239\x00'
2020-09-06 00:08:29,955 DEBUG    tag: PixelYDimension (40963) - type: long (4) - value: b'\x00\x00\x0b\xac'
2020-09-06 00:08:29,955 DEBUG    tag: SceneCaptureType (41990) - type: short (3) - value: b'\x00\x00'
2020-09-06 00:08:29,955 DEBUG    tag: SceneType (41729) - type: undefined (7) - value: b'\x01'
2020-09-06 00:08:29,955 DEBUG    tag: SubSecTimeOriginal (37521) - type: string (2) Tag Location: 327 - Data Location: 622 - value: b'382239\x00'
2020-09-06 00:08:29,955 DEBUG    tag: DigitalZoomRatio (41988) - type: rational (5) Tag Location: 339 - Data Location: 629 - value: b'\x00\x00\x00d\x00\x00\x00d'
2020-09-06 00:08:29,955 DEBUG    tag: ExposureProgram (34850) - type: short (3) - value: b'\x00\x00'
2020-09-06 00:08:29,955 DEBUG    tag: WhiteBalance (41987) - type: short (3) - value: b'\x00\x00'
2020-09-06 00:08:29,955 DEBUG    tag: PixelXDimension (40962) - type: long (4) - value: b'\x00\x00\x14\xc0'
2020-09-06 00:08:29,955 DEBUG    tag: SubSec (37520) - type: string (2) Tag Location: 387 - Data Location: 637 - value: b'382239\x00'
2020-09-06 00:08:29,955 DEBUG    tag: ShutterSpeedValue (37377) - type: signed rational (10) Tag Location: 399 - Data Location: 644 - value: b'\x00\x00)\x1a\x00\x00\x03\xe8'
2020-09-06 00:08:29,955 DEBUG    tag: MeteringMode (37383) - type: short (3) - value: b'\x00\x02'
2020-09-06 00:08:29,955 DEBUG    tag: DateTimeOriginal (36867) - type: string (2) Tag Location: 423 - Data Location: 652 - value: b'2016:05:14 14:46:22\x00'
2020-09-06 00:08:29,955 DEBUG    tag: UserComment (37510) - type: undefined (7) Tag Location: 435 - Data Location: 672 - value: <table: 512 bytes>
2020-09-06 00:08:29,955 DEBUG    tag: ComponentsConfiguration (37121) - type: undefined (7) - value: b'\x01\x02\x03\x00'
2020-09-06 00:08:29,955 DEBUG    tag: Flash (37385) - type: short (3) - value: b'\x00\x10'
2020-09-06 00:08:29,955 DEBUG    tag: ExifVersion (36864) - type: undefined (7) - value: b'0220'
2020-09-06 00:08:29,955 DEBUG    tag: InteroperabilityIFD (40965) - type: long (4) - value: b'\x00\x00\r\x95'
2020-09-06 00:08:29,955 DEBUG    tag: ExposureBiasValue (37380) - type: signed rational (10) Tag Location: 495 - Data Location: 1184 - value: b'\x00\x00\x00\x00\x00\x00\x00\x06'
2020-09-06 00:08:29,955 DEBUG    tag: BrightnessValue (37379) - type: signed rational (10) Tag Location: 507 - Data Location: 1192 - value: b'\x00\x00\x02\xc7\x00\x00\x00d'
2020-09-06 00:08:29,955 DEBUG    tag: ISOSpeedRatings (34855) - type: short (3) - value: b'\x002'
2020-09-06 00:08:29,955 DEBUG    tag: SensingMethod (41495) - type: short (3) - value: b'\x00\x01'
2020-09-06 00:08:29,955 DEBUG    tag: FlashPixVersion (40960) - type: undefined (7) - value: b'0100'
2020-09-06 00:08:29,955 DEBUG    tag: MakerNote (37500) - type: undefined (7) Tag Location: 555 - Data Location: 1200 - value: <table: 2269 bytes>
2020-09-06 00:08:29,955 DEBUG    tag: ExposureTime (33434) - type: rational (5) Tag Location: 567 - Data Location: 3469 - value: b'\x00\x00\x00\x01\x00\x00\x05\xbf'
2020-09-06 00:08:30,219 INFO     127.0.0.1 - - [06/Sep/2020 00:08:30] "[37mPOST /encodeAndInsert HTTP/1.1[0m" 200 -
